2024-10-18 12:26:45,921 [INFO] Activator:176 - 


2024-10-18 12:26:45,922 [INFO] Activator:177 - !SESSION log4j initialized
2024-10-18 12:26:47,463 [INFO] LogOutputStream:77 - [STDOUT_REDIRECT] 
2024-10-18 12:26:48,623 [INFO] ApplicationProperties:184 - Using Application install path: /home/morda/st/stm32cubeide_1.14.0/plugins/com.st.stm32cube.common.mx_6.12.1.202409122256
2024-10-18 12:26:48,634 [INFO] DbMcusXml:78 - Set database path to: /home/morda/st/stm32cubeide_1.14.0/plugins/com.st.stm32cube.common.mx_6.12.1.202409122256//db//mcu/
2024-10-18 12:26:48,634 [INFO] ApiDb:274 - Set plugin database path to: /home/morda/st/stm32cubeide_1.14.0/plugins/com.st.stm32cube.common.mx_6.12.1.202409122256//db//plugins/boardmanager/
2024-10-18 12:26:48,634 [WARN] ApiDb:259 - Overriding images path with different value:  => /home/morda/st/stm32cubeide_1.14.0/plugins/com.st.stm32cube.common.mx_6.12.1.202409122256//db//plugins/mcufinder/images/
2024-10-18 12:26:48,637 [INFO] ApiDb:250 - Set database path to: /home/morda/.stmcufinder/plugins/mcufinder//mcu/
2024-10-18 12:26:48,637 [INFO] DbMcusAds:125 - Set database path to: /home/morda/.stmcufinder/plugins/mcufinder//mcu/
2024-10-18 12:26:48,639 [INFO] CrossReferenceDbSqlite:203 - Set database path to: /home/morda/.stmcufinder/plugins/mcufinder//mcu/cs/
2024-10-18 12:26:48,724 [INFO] RulesReader:64 - Compatibility file has been processed (297 Rules)
2024-10-18 12:26:48,762 [INFO] DbMcusXml:78 - Set database path to: /home/morda/st/stm32cubeide_1.14.0/plugins/com.st.stm32cube.common.mx_6.12.1.202409122256//db//mcu/
2024-10-18 12:26:48,762 [INFO] ApiDb:274 - Set plugin database path to: /home/morda/st/stm32cubeide_1.14.0/plugins/com.st.stm32cube.common.mx_6.12.1.202409122256//db//plugins/boardmanager/
2024-10-18 12:26:48,762 [INFO] ApiDb:261 - Set plugin images path to: /home/morda/st/stm32cubeide_1.14.0/plugins/com.st.stm32cube.common.mx_6.12.1.202409122256//db//plugins/mcufinder/images/
2024-10-18 12:26:48,763 [WARN] DbFile:41 - Overriding database path with different value: /home/morda/.stmcufinder/plugins/mcufinder/ => /home/morda/.stmcufinder/plugins/mcufinder
2024-10-18 12:26:48,763 [INFO] ApiDb:250 - Set database path to: /home/morda/.stmcufinder/plugins/mcufinder//mcu/
2024-10-18 12:26:48,763 [WARN] DbFile:41 - Overriding database path with different value: /home/morda/.stmcufinder/plugins/mcufinder/ => /home/morda/.stmcufinder/plugins/mcufinder
2024-10-18 12:26:48,763 [INFO] DbMcusAds:125 - Set database path to: /home/morda/.stmcufinder/plugins/mcufinder//mcu/
2024-10-18 12:26:48,763 [WARN] DbFile:41 - Overriding database path with different value: /home/morda/.stmcufinder/plugins/mcufinder/ => /home/morda/.stmcufinder/plugins/mcufinder
2024-10-18 12:26:48,763 [WARN] DbFile:41 - Overriding database path with different value: /home/morda/.stmcufinder/plugins/mcufinder/ => /home/morda/.stmcufinder/plugins/mcufinder
2024-10-18 12:26:48,763 [INFO] CrossReferenceDbSqlite:203 - Set database path to: /home/morda/.stmcufinder/plugins/mcufinder//mcu/cs/
2024-10-18 12:26:48,805 [INFO] MainPanel:268 - HeapMemory: 268435456
2024-10-18 12:26:48,881 [INFO] DbMcusXml:78 - Set database path to: /home/morda/st/stm32cubeide_1.14.0/plugins/com.st.stm32cube.common.mx_6.12.1.202409122256//db//mcu/
2024-10-18 12:26:48,881 [INFO] ApiDb:274 - Set plugin database path to: /home/morda/st/stm32cubeide_1.14.0/plugins/com.st.stm32cube.common.mx_6.12.1.202409122256//db//plugins/boardmanager/
2024-10-18 12:26:48,881 [INFO] ApiDb:261 - Set plugin images path to: /home/morda/st/stm32cubeide_1.14.0/plugins/com.st.stm32cube.common.mx_6.12.1.202409122256//db//plugins/mcufinder/images/
2024-10-18 12:26:48,882 [WARN] DbFile:41 - Overriding database path with different value: /home/morda/.stmcufinder/plugins/mcufinder/ => /home/morda/.stmcufinder/plugins/mcufinder
2024-10-18 12:26:48,882 [INFO] ApiDb:250 - Set database path to: /home/morda/.stmcufinder/plugins/mcufinder//mcu/
2024-10-18 12:26:48,882 [WARN] DbFile:41 - Overriding database path with different value: /home/morda/.stmcufinder/plugins/mcufinder/ => /home/morda/.stmcufinder/plugins/mcufinder
2024-10-18 12:26:48,882 [INFO] DbMcusAds:125 - Set database path to: /home/morda/.stmcufinder/plugins/mcufinder//mcu/
2024-10-18 12:26:48,882 [WARN] DbFile:41 - Overriding database path with different value: /home/morda/.stmcufinder/plugins/mcufinder/ => /home/morda/.stmcufinder/plugins/mcufinder
2024-10-18 12:26:48,882 [WARN] DbFile:41 - Overriding database path with different value: /home/morda/.stmcufinder/plugins/mcufinder/ => /home/morda/.stmcufinder/plugins/mcufinder
2024-10-18 12:26:48,882 [INFO] CrossReferenceDbSqlite:203 - Set database path to: /home/morda/.stmcufinder/plugins/mcufinder//mcu/cs/
2024-10-18 12:26:48,892 [INFO] ApplicationProperties:184 - Using Application install path: /home/morda/st/stm32cubeide_1.14.0/plugins/com.st.stm32cube.common.mx_6.12.1.202409122256
2024-10-18 12:26:48,893 [INFO] PluginManage:196 - Search for loadable plugins [exclusion list=, ]
2024-10-18 12:26:48,894 [INFO] PluginManage:310 - Check plugin analytics
2024-10-18 12:26:48,985 [INFO] AnalyticsPlugin:253 - Accepted Software Licenses: STM32CubeMX.6.10.0,STM32CubeMX.6.12.0
2024-10-18 12:26:48,985 [INFO] AnalyticsPlugin:255 - Accepted CMSIS Pack Licenses: 
2024-10-18 12:26:48,985 [INFO] AnalyticsPlugin:257 - Accepted Firmware Licenses: FW.G4.1.5.0,FW.F4.1.28.0
2024-10-18 12:26:48,987 [INFO] PluginManage:359 - Loaded plugin analytics (category:tool,tabindex:-1)
2024-10-18 12:26:48,987 [INFO] PluginManage:310 - Check plugin cadmodel
2024-10-18 12:26:48,989 [INFO] CADModel:105 - Init CAD model plugin
2024-10-18 12:26:48,989 [INFO] PluginManage:359 - Loaded plugin cadmodel (category:power,tabindex:5)
2024-10-18 12:26:48,989 [INFO] PluginManage:310 - Check plugin clock
2024-10-18 12:26:48,995 [INFO] PluginManage:359 - Loaded plugin clock (category:base,tabindex:2)
2024-10-18 12:26:48,995 [INFO] PluginManage:310 - Check plugin ddr
2024-10-18 12:26:48,997 [INFO] PluginManage:359 - Loaded plugin ddr (category:tool,tabindex:6)
2024-10-18 12:26:48,997 [INFO] PluginManage:310 - Check plugin filemanager
2024-10-18 12:26:49,117 [INFO] PluginManage:359 - Loaded plugin filemanager (category:base,tabindex:10)
2024-10-18 12:26:49,117 [INFO] PluginManage:310 - Check plugin ipmanager
2024-10-18 12:26:49,122 [INFO] PluginManage:359 - Loaded plugin ipmanager (category:base,tabindex:5)
2024-10-18 12:26:49,122 [INFO] PluginManage:310 - Check plugin lpbam
2024-10-18 12:26:49,128 [INFO] PluginManage:359 - Loaded plugin lpbam (category:base,tabindex:0)
2024-10-18 12:26:49,128 [INFO] PluginManage:310 - Check plugin memorymap
2024-10-18 12:26:49,142 [INFO] PluginManage:359 - Loaded plugin memorymap (category:base,tabindex:4)
2024-10-18 12:26:49,142 [INFO] PluginManage:310 - Check plugin pinoutandconfiguration
2024-10-18 12:26:49,147 [INFO] PluginManage:359 - Loaded plugin pinoutandconfiguration (category:base,tabindex:1)
2024-10-18 12:26:49,148 [INFO] PluginManage:310 - Check plugin pinoutconfig
2024-10-18 12:26:49,219 [WARN] SupportedApi:132 - Cannot load RTOS API schema: s4s-elt-must-match.1: The content of 'definitions' must match (annotation?, (simpleType | complexType)?, (unique | key | keyref)*)). A problem was found starting at: attribute.
2024-10-18 12:26:49,304 [INFO] PluginManage:359 - Loaded plugin pinoutconfig (category:base,tabindex:0)
2024-10-18 12:26:49,304 [INFO] PluginManage:310 - Check plugin power
2024-10-18 12:26:49,308 [INFO] PluginManage:359 - Loaded plugin power (category:power,tabindex:4)
2024-10-18 12:26:49,308 [INFO] PluginManage:310 - Check plugin projectmanager
2024-10-18 12:26:49,319 [INFO] PluginManage:359 - Loaded plugin projectmanager (category:projectmanager,tabindex:4)
2024-10-18 12:26:49,319 [INFO] PluginManage:310 - Check plugin rif
2024-10-18 12:26:49,322 [INFO] PluginManage:359 - Loaded plugin rif (category:base,tabindex:3)
2024-10-18 12:26:49,322 [INFO] PluginManage:310 - Check plugin thirdparty
2024-10-18 12:26:49,399 [INFO] PluginManage:359 - Loaded plugin thirdparty (category:base,tabindex:-1)
2024-10-18 12:26:49,399 [WARN] IntegrityCheckThread:84 - waiting for thirdparty lock release [integrity check]
2024-10-18 12:26:49,399 [INFO] PluginManage:310 - Check plugin tools
2024-10-18 12:26:49,399 [INFO] IntegrityCheckThread:86 - entering critical section [integrity check]
2024-10-18 12:26:49,400 [INFO] ThirdPartyUpdaterWithRetryManager:70 - Updater plugin not ready yet. [1/15]
2024-10-18 12:26:49,401 [INFO] PluginManage:359 - Loaded plugin tools (category:base,tabindex:7)
2024-10-18 12:26:49,401 [INFO] PluginManage:310 - Check plugin tutovideos
2024-10-18 12:26:49,514 [INFO] PluginManage:359 - Loaded plugin tutovideos (category:base,tabindex:-1)
2024-10-18 12:26:49,514 [INFO] PluginManage:310 - Check plugin updater
2024-10-18 12:26:49,529 [INFO] PluginManage:359 - Loaded plugin updater (category:base,tabindex:12)
2024-10-18 12:26:49,529 [INFO] PluginManage:310 - Check plugin userauth
2024-10-18 12:26:49,533 [INFO] UserAuth:113 - Init User Auth plugin
2024-10-18 12:26:49,533 [INFO] PluginManage:359 - Loaded plugin userauth (category:base,tabindex:14)
2024-10-18 12:26:49,534 [INFO] PluginManage:283 - PluginManage : Loaded plugins [18]
2024-10-18 12:26:49,684 [INFO] PinOutPanel:1561 - setPackage(No Configuration,No Configuration)
2024-10-18 12:26:49,737 [INFO] CADModel:165 - CPN selected for project level
2024-10-18 12:26:49,738 [INFO] CADModel:114 - Register for checkConnection events
2024-10-18 12:26:49,745 [INFO] IPUIPlugin:80 - create IPUIPlugin
2024-10-18 12:26:49,745 [INFO] PluginManager:220 - loadIPPluginJar : add tsc
2024-10-18 12:26:49,746 [INFO] IPUIPlugin:80 - create IPUIPlugin
2024-10-18 12:26:49,746 [INFO] PluginManager:220 - loadIPPluginJar : add comp
2024-10-18 12:26:49,749 [INFO] IPUIPlugin:80 - create IPUIPlugin
2024-10-18 12:26:49,749 [INFO] PluginManager:220 - loadIPPluginJar : add pdm2pcm
2024-10-18 12:26:49,752 [INFO] IPUIPlugin:80 - create IPUIPlugin
2024-10-18 12:26:49,752 [INFO] PluginManager:220 - loadIPPluginJar : add freertos
2024-10-18 12:26:49,755 [INFO] IPUIPlugin:80 - create IPUIPlugin
2024-10-18 12:26:49,755 [INFO] PluginManager:220 - loadIPPluginJar : add mdma
2024-10-18 12:26:49,756 [INFO] IPUIPlugin:80 - create IPUIPlugin
2024-10-18 12:26:49,756 [INFO] PluginManager:220 - loadIPPluginJar : add fatfs
2024-10-18 12:26:49,757 [INFO] IPUIPlugin:80 - create IPUIPlugin
2024-10-18 12:26:49,757 [INFO] PluginManager:220 - loadIPPluginJar : add gtzc
2024-10-18 12:26:49,760 [INFO] IPUIPlugin:80 - create IPUIPlugin
2024-10-18 12:26:49,761 [INFO] PluginManager:220 - loadIPPluginJar : add stm32_wpan
2024-10-18 12:26:49,763 [INFO] IPUIPlugin:80 - create IPUIPlugin
2024-10-18 12:26:49,763 [INFO] PluginManager:220 - loadIPPluginJar : add nvic
2024-10-18 12:26:49,766 [INFO] IPUIPlugin:80 - create IPUIPlugin
2024-10-18 12:26:49,766 [INFO] PluginManager:220 - loadIPPluginJar : add gpio
2024-10-18 12:26:49,767 [INFO] IPUIPlugin:80 - create IPUIPlugin
2024-10-18 12:26:49,767 [INFO] PluginManager:220 - loadIPPluginJar : add tracer_emb
2024-10-18 12:26:49,768 [INFO] IPUIPlugin:80 - create IPUIPlugin
2024-10-18 12:26:49,768 [INFO] PluginManager:220 - loadIPPluginJar : add aes
2024-10-18 12:26:49,769 [INFO] IPUIPlugin:80 - create IPUIPlugin
2024-10-18 12:26:49,769 [INFO] PluginManager:220 - loadIPPluginJar : add tim
2024-10-18 12:26:49,772 [INFO] IPUIPlugin:80 - create IPUIPlugin
2024-10-18 12:26:49,772 [INFO] PluginManager:220 - loadIPPluginJar : add dma
2024-10-18 12:26:49,773 [INFO] IPUIPlugin:80 - create IPUIPlugin
2024-10-18 12:26:49,773 [INFO] PluginManager:220 - loadIPPluginJar : add ddr_ctrl_phy
2024-10-18 12:26:49,775 [INFO] IPUIPlugin:80 - create IPUIPlugin
2024-10-18 12:26:49,775 [INFO] PluginManager:220 - loadIPPluginJar : add i2c
2024-10-18 12:26:49,776 [INFO] IPUIPlugin:80 - create IPUIPlugin
2024-10-18 12:26:49,776 [INFO] PluginManager:220 - loadIPPluginJar : add i3c
2024-10-18 12:26:49,778 [INFO] IPUIPlugin:80 - create IPUIPlugin
2024-10-18 12:26:49,778 [INFO] PluginManager:220 - loadIPPluginJar : add gic
2024-10-18 12:26:49,780 [INFO] IPUIPlugin:80 - create IPUIPlugin
2024-10-18 12:26:49,780 [INFO] PluginManager:220 - loadIPPluginJar : add openamp
2024-10-18 12:26:49,781 [INFO] IPUIPlugin:80 - create IPUIPlugin
2024-10-18 12:26:49,782 [INFO] PluginManager:220 - loadIPPluginJar : add dfsdm
2024-10-18 12:26:49,782 [INFO] IPUIPlugin:80 - create IPUIPlugin
2024-10-18 12:26:49,783 [INFO] PluginManager:220 - loadIPPluginJar : add radio
2024-10-18 12:26:49,784 [INFO] IPUIPlugin:80 - create IPUIPlugin
2024-10-18 12:26:49,785 [INFO] PluginManager:220 - loadIPPluginJar : add ucpd
2024-10-18 12:26:49,786 [INFO] IPUIPlugin:80 - create IPUIPlugin
2024-10-18 12:26:49,787 [INFO] PluginManager:220 - loadIPPluginJar : add usart
2024-10-18 12:26:49,788 [INFO] IPUIPlugin:80 - create IPUIPlugin
2024-10-18 12:26:49,788 [INFO] PluginManager:220 - loadIPPluginJar : add can
2024-10-18 12:26:49,789 [INFO] IPUIPlugin:80 - create IPUIPlugin
2024-10-18 12:26:49,789 [INFO] PluginManager:220 - loadIPPluginJar : add opamp
2024-10-18 12:26:49,794 [INFO] IPUIPlugin:80 - create IPUIPlugin
2024-10-18 12:26:49,794 [INFO] PluginManager:220 - loadIPPluginJar : add linkedlist
2024-10-18 12:26:49,797 [INFO] IPUIPlugin:80 - create IPUIPlugin
2024-10-18 12:26:49,799 [INFO] PluginManager:220 - loadIPPluginJar : add plateformsettings
2024-10-18 12:26:49,803 [INFO] IPUIPlugin:80 - create IPUIPlugin
2024-10-18 12:26:49,804 [INFO] PluginManager:220 - loadIPPluginJar : add fmc
2024-10-18 12:26:49,805 [INFO] IPUIPlugin:80 - create IPUIPlugin
2024-10-18 12:26:49,805 [INFO] PluginManager:220 - loadIPPluginJar : add ltdc
2024-10-18 12:26:49,808 [INFO] IPUIPlugin:80 - create IPUIPlugin
2024-10-18 12:26:49,808 [INFO] PluginManager:220 - loadIPPluginJar : add usbx
2024-10-18 12:26:49,809 [INFO] IPUIPlugin:80 - create IPUIPlugin
2024-10-18 12:26:49,809 [INFO] PluginManager:220 - loadIPPluginJar : add lorawan
2024-10-18 12:26:49,810 [INFO] IPUIPlugin:80 - create IPUIPlugin
2024-10-18 12:26:49,810 [INFO] PluginManager:220 - loadIPPluginJar : add quadspi
2024-10-18 12:26:49,811 [INFO] IPUIPlugin:80 - create IPUIPlugin
2024-10-18 12:26:49,811 [INFO] PluginManager:220 - loadIPPluginJar : add spi
2024-10-18 12:26:49,812 [INFO] IPUIPlugin:80 - create IPUIPlugin
2024-10-18 12:26:49,812 [INFO] PluginManager:220 - loadIPPluginJar : add ts
2024-10-18 12:26:49,813 [INFO] IPUIPlugin:80 - create IPUIPlugin
2024-10-18 12:26:49,813 [INFO] PluginManager:220 - loadIPPluginJar : add hash
2024-10-18 12:26:49,814 [INFO] IPUIPlugin:80 - create IPUIPlugin
2024-10-18 12:26:49,814 [INFO] PluginManager:220 - loadIPPluginJar : add extmemmanager
2024-10-18 12:26:49,815 [INFO] IPUIPlugin:80 - create IPUIPlugin
2024-10-18 12:26:49,815 [INFO] PluginManager:220 - loadIPPluginJar : add gfxmmu
2024-10-18 12:26:49,816 [INFO] IPUIPlugin:80 - create IPUIPlugin
2024-10-18 12:26:49,817 [INFO] PluginManager:220 - loadIPPluginJar : add touchsensing
2024-10-18 12:26:49,821 [INFO] IPUIPlugin:80 - create IPUIPlugin
2024-10-18 12:26:49,821 [INFO] PluginManager:220 - loadIPPluginJar : add adc
2024-10-18 12:26:49,825 [INFO] IPUIPlugin:80 - create IPUIPlugin
2024-10-18 12:26:49,825 [INFO] PluginManager:220 - loadIPPluginJar : add resmgrutility
2024-10-18 12:26:49,826 [INFO] IPUIPlugin:80 - create IPUIPlugin
2024-10-18 12:26:49,826 [INFO] PluginManager:220 - loadIPPluginJar : add sai
2024-10-18 12:26:49,828 [INFO] IPUIPlugin:80 - create IPUIPlugin
2024-10-18 12:26:49,828 [INFO] PluginManager:220 - loadIPPluginJar : add ipddr
2024-10-18 12:26:49,829 [INFO] IPUIPlugin:80 - create IPUIPlugin
2024-10-18 12:26:49,829 [INFO] PluginManager:220 - loadIPPluginJar : add i2s
2024-10-18 12:26:49,830 [INFO] IPUIPlugin:80 - create IPUIPlugin
2024-10-18 12:26:49,830 [INFO] PluginManager:220 - loadIPPluginJar : add genericplugin
2024-10-18 12:26:49,831 [INFO] IPUIPlugin:80 - create IPUIPlugin
2024-10-18 12:26:49,831 [INFO] PluginManager:220 - loadIPPluginJar : add dma3
2024-10-18 12:26:49,832 [INFO] IPUIPlugin:80 - create IPUIPlugin
2024-10-18 12:26:49,832 [INFO] PluginManager:220 - loadIPPluginJar : add cryp
2024-10-18 12:26:49,927 [INFO] CADModel:165 - CPN selected for project level
2024-10-18 12:26:49,927 [INFO] CADModel:114 - Register for checkConnection events
2024-10-18 12:26:49,927 [FATAL] Updater:334 - Updater called before beeing initialized
2024-10-18 12:26:49,928 [ERROR] CADModel:125 - Updater not yet initialized, retry later 
2024-10-18 12:26:50,037 [INFO] CADModel:165 - CPN selected for project level
2024-10-18 12:26:50,038 [INFO] CADModel:114 - Register for checkConnection events
2024-10-18 12:26:50,038 [FATAL] Updater:334 - Updater called before beeing initialized
2024-10-18 12:26:50,038 [ERROR] CADModel:125 - Updater not yet initialized, retry later 
2024-10-18 12:26:50,052 [FATAL] Updater:334 - Updater called before beeing initialized
2024-10-18 12:26:50,110 [FATAL] Updater:334 - Updater called before beeing initialized
2024-10-18 12:26:50,113 [INFO] DbMcusAds:53 - JSON generation date=Fri Sep 20 15:04:23 CEST 2024 (1726837463113)
2024-10-18 12:26:50,113 [FATAL] Updater:334 - Updater called before beeing initialized
2024-10-18 12:26:50,138 [WARN] DetailPanel:346 - Failed to get advertising image, set to default
2024-10-18 12:26:50,207 [FATAL] Updater:334 - Updater called before beeing initialized
2024-10-18 12:26:50,208 [FATAL] Updater:334 - Updater called before beeing initialized
2024-10-18 12:26:50,208 [FATAL] Updater:334 - Updater called before beeing initialized
2024-10-18 12:26:50,208 [WARN] DetailPanel:346 - Failed to get advertising image, set to default
2024-10-18 12:26:50,209 [FATAL] Updater:334 - Updater called before beeing initialized
2024-10-18 12:26:50,233 [ERROR] Updater:1164 - MainUpdater not yet initialized. External WinMGr cannot be set.
2024-10-18 12:26:50,236 [INFO] Updater:1100 - Updater Version found : 6.12.1
2024-10-18 12:26:50,248 [INFO] ApplicationProperties:184 - Using Application install path: /home/morda/st/stm32cubeide_1.14.0/plugins/com.st.stm32cube.common.mx_6.12.1.202409122256
2024-10-18 12:26:50,496 [INFO] MainUpdater:2873 - connection check result : 10
2024-10-18 12:26:50,497 [INFO] MainUpdater:290 - Updater Check For Update Now.
2024-10-18 12:26:50,497 [INFO] MicroXplorer:498 - Change Database Version : DB.6.0.121
2024-10-18 12:26:50,500 [INFO] McuFinderGlobals:63 - Set McuFinder mode to 2 (CubeIDE integrated)
2024-10-18 12:26:50,500 [INFO] UserAuth:417 - Internet connection configuration mode: 1
2024-10-18 12:26:50,508 [INFO] JxBrowserEngine:152 - Initiate JxBrowser Engine with user profile folder
2024-10-18 12:26:50,653 [INFO] CheckServerUpdateThread:120 - End of CheckServer Thread
2024-10-18 12:26:50,997 [INFO] WebApp:167 - Instantiating new browser for Auth
2024-10-18 12:26:51,525 [INFO] WebApp:448 - Apply proxy settings
2024-10-18 12:26:51,526 [INFO] WebApp:533 - Chromium requires no authentication
2024-10-18 12:26:51,530 [INFO] WebApp:476 - Direct internet connection detected
2024-10-18 12:26:51,541 [INFO] WebApp:869 - Register for checkConnection events
2024-10-18 12:26:51,541 [INFO] WebApp:448 - Apply proxy settings
2024-10-18 12:26:51,541 [INFO] WebApp:533 - Chromium requires no authentication
2024-10-18 12:26:51,542 [INFO] WebApp:476 - Direct internet connection detected
2024-10-18 12:26:51,617 [INFO] WebApp:220 - Starting web application
2024-10-18 12:26:51,617 [INFO] WebApp:578 - Web application path used /home/morda/st/stm32cubeide_1.14.0/plugins/com.st.stm32cube.common.mx_6.12.1.202409122256/db/plugins/mcufinder/reactClient1/index.html
2024-10-18 12:26:51,686 [INFO] UserAuth:417 - Internet connection configuration mode: 1
2024-10-18 12:26:51,783 [INFO] WebApp:186 - Connection restablished
2024-10-18 12:26:52,476 [WARN] PackLoader:240 - Cannot read IP mode file for STMicroelectronics.FP-SNS-MOTENVWB1.1.4.0
2024-10-18 12:26:52,483 [WARN] PackLoader:240 - Cannot read IP mode file for STMicroelectronics.X-CUBE-SMBUS.2.1.0
2024-10-18 12:26:52,490 [WARN] PackLoader:240 - Cannot read IP mode file for STMicroelectronics.X-CUBE-WB05N.1.1.0
2024-10-18 12:26:52,494 [WARN] PackLoader:240 - Cannot read IP mode file for STMicroelectronics.X-CUBE-TOUCHGFX.4.23.1
2024-10-18 12:26:52,497 [WARN] PackLoader:240 - Cannot read IP mode file for STMicroelectronics.X-CUBE-TOUCHGFX.4.23.0
2024-10-18 12:26:52,500 [WARN] PackLoader:240 - Cannot read IP mode file for STMicroelectronics.X-CUBE-TOUCHGFX.4.23.2
2024-10-18 12:26:52,528 [WARN] PackLoader:240 - Cannot read IP mode file for STMicroelectronics.X-CUBE-AZRTOS-F7.1.1.0
2024-10-18 12:26:52,540 [WARN] PackLoader:240 - Cannot read IP mode file for STMicroelectronics.FP-SNS-MOTENV1.4.3.2
2024-10-18 12:26:52,595 [WARN] PackLoader:240 - Cannot read IP mode file for STMicroelectronics.X-CUBE-MEMS1.11.0.0
2024-10-18 12:26:52,730 [WARN] PackLoader:240 - Cannot read IP mode file for STMicroelectronics.FP-SNS-FLIGHT1.5.0.2
2024-10-18 12:26:52,734 [WARN] PackLoader:240 - Cannot read IP mode file for STMicroelectronics.X-CUBE-DISPLAY.3.0.0
2024-10-18 12:26:52,739 [WARN] PackLoader:240 - Cannot read IP mode file for STMicroelectronics.X-CUBE-BLE1.7.0.0
2024-10-18 12:26:52,743 [WARN] PackLoader:240 - Cannot read IP mode file for STMicroelectronics.X-CUBE-NFC10.1.0.0
2024-10-18 12:26:52,747 [WARN] PackLoader:240 - Cannot read IP mode file for emotas.I-CUBE-CANOPEN.1.3.0
2024-10-18 12:26:52,752 [WARN] PackLoader:240 - Cannot read IP mode file for STMicroelectronics.X-CUBE-BLEMGR.3.1.0
2024-10-18 12:26:52,756 [WARN] PackLoader:240 - Cannot read IP mode file for STMicroelectronics.FP-SNS-SMARTAG2.1.2.0
2024-10-18 12:26:52,761 [INFO] LogOutputStream:77 - [STDOUT_REDIRECT] 1 : Invalid condition id : UX_CORESTACK_Condition cause : null
2024-10-18 12:26:52,762 [INFO] LogOutputStream:77 - [STDOUT_REDIRECT] 1 : Invalid condition id : UX_CORESTACK_Condition cause : null
2024-10-18 12:26:52,762 [INFO] LogOutputStream:77 - [STDOUT_REDIRECT] 1 : Invalid condition id : UX_CORESTACK_Condition cause : null
2024-10-18 12:26:52,762 [INFO] LogOutputStream:77 - [STDOUT_REDIRECT] 1 : Invalid condition id : UX_CORESTACK_Condition cause : null
2024-10-18 12:26:52,762 [INFO] LogOutputStream:77 - [STDOUT_REDIRECT] 1 : Invalid condition id : UX_CORESTACK_Condition cause : null
2024-10-18 12:26:52,764 [WARN] PackLoader:240 - Cannot read IP mode file for STMicroelectronics.X-CUBE-AZRTOS-WL.2.0.0
2024-10-18 12:26:52,768 [WARN] PackLoader:240 - Cannot read IP mode file for STMicroelectronics.FP-SNS-MOTENV1.5.0.0
2024-10-18 12:26:52,772 [WARN] PackLoader:240 - Cannot read IP mode file for wolfSSL.I-CUBE-wolfMQTT.1.19.0
2024-10-18 12:26:52,775 [WARN] PackLoader:240 - Cannot read IP mode file for WES.I-CUBE-Cesium.1.3.0
2024-10-18 12:26:52,778 [WARN] PackLoader:240 - Cannot read IP mode file for STMicroelectronics.X-CUBE-BLE2.3.3.0
2024-10-18 12:26:52,782 [WARN] PackLoader:240 - Cannot read IP mode file for STMicroelectronics.X-CUBE-NFC9.1.0.0
2024-10-18 12:26:52,787 [WARN] PackLoader:240 - Cannot read IP mode file for STMicroelectronics.X-CUBE-TCPP.4.1.0
2024-10-18 12:26:52,791 [WARN] PackLoader:240 - Cannot read IP mode file for STMicroelectronics.X-CUBE-ALGOBUILD.1.3.0
2024-10-18 12:26:52,799 [WARN] PackLoader:240 - Cannot read IP mode file for STMicroelectronics.X-CUBE-AZRTOS-G0.1.1.0
2024-10-18 12:26:52,804 [WARN] PackLoader:240 - Cannot read IP mode file for STMicroelectronics.X-CUBE-SAFEA1.1.2.2
2024-10-18 12:26:52,809 [WARN] PackLoader:240 - Cannot read IP mode file for STMicroelectronics.X-CUBE-NFC4.3.0.0
2024-10-18 12:26:52,815 [WARN] PackLoader:240 - Cannot read IP mode file for EmbeddedOffice.I-CUBE-FS-RTOS.1.0.1
2024-10-18 12:26:52,815 [ERROR] ConditionMgr:805 - Attr not supported : Dmpu
2024-10-18 12:26:52,815 [ERROR] ConditionMgr:805 - Attr not supported : Dmpu
2024-10-18 12:26:52,815 [ERROR] ConditionMgr:805 - Attr not supported : Dmpu
2024-10-18 12:26:52,815 [ERROR] ConditionMgr:805 - Attr not supported : Dmpu
2024-10-18 12:26:52,815 [ERROR] ConditionMgr:805 - Attr not supported : Dmpu
2024-10-18 12:26:52,815 [ERROR] ConditionMgr:805 - Attr not supported : Dmpu
2024-10-18 12:26:52,815 [ERROR] ConditionMgr:805 - Attr not supported : Dmpu
2024-10-18 12:26:52,815 [ERROR] ConditionMgr:805 - Attr not supported : Dmpu
2024-10-18 12:26:52,816 [ERROR] ConditionMgr:805 - Attr not supported : Dmpu
2024-10-18 12:26:52,816 [ERROR] ConditionMgr:805 - Attr not supported : Dmpu
2024-10-18 12:26:52,816 [ERROR] ConditionMgr:805 - Attr not supported : Dmpu
2024-10-18 12:26:52,816 [ERROR] ConditionMgr:805 - Attr not supported : Dmpu
2024-10-18 12:26:52,816 [ERROR] ConditionMgr:805 - Attr not supported : Dmpu
2024-10-18 12:26:52,816 [ERROR] ConditionMgr:805 - Attr not supported : Dmpu
2024-10-18 12:26:52,816 [ERROR] ConditionMgr:805 - Attr not supported : Dmpu
2024-10-18 12:26:52,816 [ERROR] ConditionMgr:805 - Attr not supported : Dmpu
2024-10-18 12:26:52,816 [ERROR] ConditionMgr:805 - Attr not supported : Dmpu
2024-10-18 12:26:52,816 [ERROR] ConditionMgr:805 - Attr not supported : Dmpu
2024-10-18 12:26:52,816 [ERROR] ConditionMgr:805 - Attr not supported : Dmpu
2024-10-18 12:26:52,816 [ERROR] ConditionMgr:805 - Attr not supported : Dmpu
2024-10-18 12:26:52,816 [ERROR] ConditionMgr:805 - Attr not supported : Dmpu
2024-10-18 12:26:52,816 [ERROR] ConditionMgr:805 - Attr not supported : Dmpu
2024-10-18 12:26:52,816 [ERROR] ConditionMgr:805 - Attr not supported : Dmpu
2024-10-18 12:26:52,816 [ERROR] ConditionMgr:805 - Attr not supported : Dmpu
2024-10-18 12:26:52,816 [ERROR] ConditionMgr:805 - Attr not supported : Dmpu
2024-10-18 12:26:52,816 [ERROR] ConditionMgr:805 - Attr not supported : Dmpu
2024-10-18 12:26:52,816 [ERROR] ConditionMgr:805 - Attr not supported : Dmpu
2024-10-18 12:26:52,816 [ERROR] ConditionMgr:805 - Attr not supported : Dmpu
2024-10-18 12:26:52,817 [ERROR] ConditionMgr:805 - Attr not supported : Dmpu
2024-10-18 12:26:52,817 [ERROR] ConditionMgr:805 - Attr not supported : Dmpu
2024-10-18 12:26:52,817 [ERROR] ConditionMgr:805 - Attr not supported : Dmpu
2024-10-18 12:26:52,817 [ERROR] ConditionMgr:805 - Attr not supported : Dmpu
2024-10-18 12:26:52,817 [ERROR] ConditionMgr:805 - Attr not supported : Dmpu
2024-10-18 12:26:52,817 [ERROR] ConditionMgr:805 - Attr not supported : Dmpu
2024-10-18 12:26:52,817 [ERROR] ConditionMgr:805 - Attr not supported : Dmpu
2024-10-18 12:26:52,817 [ERROR] ConditionMgr:805 - Attr not supported : Dmpu
2024-10-18 12:26:52,817 [ERROR] ConditionMgr:805 - Attr not supported : Dmpu
2024-10-18 12:26:52,817 [ERROR] ConditionMgr:805 - Attr not supported : Dmpu
2024-10-18 12:26:52,817 [ERROR] ConditionMgr:805 - Attr not supported : Dmpu
2024-10-18 12:26:52,817 [ERROR] ConditionMgr:805 - Attr not supported : Dmpu
2024-10-18 12:26:52,817 [ERROR] ConditionMgr:805 - Attr not supported : Dmpu
2024-10-18 12:26:52,817 [ERROR] ConditionMgr:805 - Attr not supported : Dmpu
2024-10-18 12:26:52,817 [ERROR] ConditionMgr:805 - Attr not supported : Dmpu
2024-10-18 12:26:52,817 [ERROR] ConditionMgr:805 - Attr not supported : Dmpu
2024-10-18 12:26:52,817 [ERROR] ConditionMgr:805 - Attr not supported : Dmpu
2024-10-18 12:26:52,817 [ERROR] ConditionMgr:805 - Attr not supported : Dmpu
2024-10-18 12:26:52,817 [ERROR] ConditionMgr:805 - Attr not supported : Dmpu
2024-10-18 12:26:52,817 [ERROR] ConditionMgr:805 - Attr not supported : Dmpu
2024-10-18 12:26:52,817 [ERROR] ConditionMgr:805 - Attr not supported : Dmpu
2024-10-18 12:26:52,818 [ERROR] ConditionMgr:805 - Attr not supported : Dmpu
2024-10-18 12:26:52,818 [ERROR] ConditionMgr:805 - Attr not supported : Dmpu
2024-10-18 12:26:52,818 [ERROR] ConditionMgr:805 - Attr not supported : Dmpu
2024-10-18 12:26:52,818 [ERROR] ConditionMgr:805 - Attr not supported : Dmpu
2024-10-18 12:26:52,818 [ERROR] ConditionMgr:805 - Attr not supported : Dmpu
2024-10-18 12:26:52,818 [ERROR] ConditionMgr:805 - Attr not supported : Dmpu
2024-10-18 12:26:52,818 [ERROR] ConditionMgr:805 - Attr not supported : Dmpu
2024-10-18 12:26:52,818 [ERROR] ConditionMgr:805 - Attr not supported : Dmpu
2024-10-18 12:26:52,818 [ERROR] ConditionMgr:805 - Attr not supported : Dmpu
2024-10-18 12:26:52,818 [ERROR] ConditionMgr:805 - Attr not supported : Dmpu
2024-10-18 12:26:52,818 [ERROR] ConditionMgr:805 - Attr not supported : Dmpu
2024-10-18 12:26:52,818 [ERROR] ConditionMgr:805 - Attr not supported : Dmpu
2024-10-18 12:26:52,818 [ERROR] ConditionMgr:805 - Attr not supported : Dmpu
2024-10-18 12:26:52,818 [ERROR] ConditionMgr:805 - Attr not supported : Dmpu
2024-10-18 12:26:52,818 [ERROR] ConditionMgr:805 - Attr not supported : Dmpu
2024-10-18 12:26:52,821 [WARN] PackLoader:240 - Cannot read IP mode file for RealThread.X-CUBE-RT-Thread_Nano.4.1.1
2024-10-18 12:26:52,823 [WARN] PackLoader:240 - Cannot read IP mode file for STMicroelectronics.FP-ATR-SIGFOX1.3.2.0
2024-10-18 12:26:52,825 [WARN] PackLoader:240 - Cannot read IP mode file for wolfSSL.I-CUBE-wolfSSL.5.7.2
2024-10-18 12:26:52,828 [WARN] PackLoader:240 - Cannot read IP mode file for STMicroelectronics.X-CUBE-EEPRMA1.5.1.0
2024-10-18 12:26:52,835 [WARN] PackLoader:240 - Cannot read IP mode file for ITTIA_DB.I-CUBE-ITTIADB.8.9.0
2024-10-18 12:26:52,855 [WARN] PackLoader:240 - Cannot read IP mode file for SEGGER.I-CUBE-embOS.1.3.1
2024-10-18 12:26:52,898 [WARN] PackLoader:240 - Cannot read IP mode file for STMicroelectronics.X-CUBE-ALGOBUILD.1.4.0
2024-10-18 12:26:52,901 [WARN] PackLoader:240 - Cannot read IP mode file for STMicroelectronics.X-CUBE-AI.9.1.0
2024-10-18 12:26:52,904 [WARN] PackLoader:240 - Cannot read IP mode file for STMicroelectronics.X-CUBE-GNSS1.6.0.0
2024-10-18 12:26:52,913 [WARN] PackLoader:240 - Cannot read IP mode file for STMicroelectronics.X-CUBE-AZRTOS-F4.1.1.0
2024-10-18 12:26:52,917 [WARN] PackLoader:240 - Cannot read IP mode file for STMicroelectronics.X-CUBE-ISPU.2.1.0
2024-10-18 12:26:52,920 [WARN] PackLoader:240 - Cannot read IP mode file for STMicroelectronics.X-CUBE-FREERTOS.1.2.0
2024-10-18 12:26:52,922 [WARN] PackLoader:240 - Cannot read IP mode file for wolfSSL.I-CUBE-wolfSSL.5.6.6
2024-10-18 12:26:52,931 [WARN] PackLoader:240 - Cannot read IP mode file for STMicroelectronics.X-CUBE-AZRTOS-L5.2.0.0
2024-10-18 12:26:52,936 [WARN] PackLoader:240 - Cannot read IP mode file for STMicroelectronics.X-CUBE-NFC6.3.1.0
2024-10-18 12:26:52,939 [WARN] PackLoader:240 - Cannot read IP mode file for ITTIA_DB.I-CUBE-ITTIADB.8.8.0
2024-10-18 12:26:52,942 [WARN] PackLoader:240 - Cannot read IP mode file for STMicroelectronics.X-CUBE-DPower.1.2.0
2024-10-18 12:26:52,944 [WARN] PackLoader:240 - Cannot read IP mode file for STMicroelectronics.X-CUBE-AI.9.0.0
2024-10-18 12:26:52,946 [WARN] PackLoader:240 - Cannot read IP mode file for STMicroelectronics.X-CUBE-NFC7.1.0.1
2024-10-18 12:26:52,948 [WARN] PackLoader:240 - Cannot read IP mode file for wolfSSL.I-CUBE-wolfTPM.3.2.0
2024-10-18 12:26:52,951 [WARN] PackLoader:240 - Cannot read IP mode file for STMicroelectronics.X-CUBE-NFC6.3.0.0
2024-10-18 12:26:52,954 [WARN] PackLoader:240 - Cannot read IP mode file for STMicroelectronics.X-CUBE-AI.8.1.0
2024-10-18 12:26:52,964 [WARN] ConditionMgr:438 - getConditionDescription Invalid condition id : LAN8742 Phy interface Condition cause : null
2024-10-18 12:26:52,964 [WARN] PackLoader:240 - Cannot read IP mode file for STMicroelectronics.X-CUBE-AZRTOS-L4.2.0.0
2024-10-18 12:26:52,966 [WARN] ConditionMgr:1039 - genDependencies : Invalid condition id : LAN8742 Phy interface Condition cause : null
2024-10-18 12:26:52,966 [WARN] ConditionMgr:1039 - genDependencies : Invalid condition id : LAN8742 Phy interface Condition cause : null
2024-10-18 12:26:52,966 [WARN] ConditionMgr:1039 - genDependencies : Invalid condition id : LAN8742 Phy interface Condition cause : null
2024-10-18 12:26:52,970 [WARN] PackLoader:240 - Cannot read IP mode file for STMicroelectronics.X-CUBE-SFXS2LP1.4.0.0
2024-10-18 12:26:52,984 [WARN] PackLoader:240 - Cannot read IP mode file for STMicroelectronics.X-CUBE-AZRTOS-H7.3.3.0
2024-10-18 12:26:52,995 [WARN] PackLoader:240 - Cannot read IP mode file for STMicroelectronics.X-CUBE-IPS.3.0.0
2024-10-18 12:26:53,004 [WARN] ConditionMgr:438 - getConditionDescription Invalid condition id : UX DEVICE CLASS RTOS Condition cause : null
2024-10-18 12:26:53,005 [WARN] ConditionMgr:438 - getConditionDescription Invalid condition id : UX DEVICE CLASS RTOS Condition cause : null
2024-10-18 12:26:53,006 [WARN] PackLoader:240 - Cannot read IP mode file for STMicroelectronics.X-CUBE-AZRTOS-WB.2.0.0
2024-10-18 12:26:53,006 [WARN] ConditionMgr:1039 - genDependencies : Invalid condition id : UX DEVICE CLASS RTOS Condition cause : null
2024-10-18 12:26:53,007 [WARN] ConditionMgr:1039 - genDependencies : Invalid condition id : UX DEVICE CLASS RTOS Condition cause : null
2024-10-18 12:26:53,007 [WARN] ConditionMgr:1039 - genDependencies : Invalid condition id : UX DEVICE CLASS RTOS Condition cause : null
2024-10-18 12:26:53,007 [WARN] ConditionMgr:1039 - genDependencies : Invalid condition id : UX DEVICE CLASS RTOS Condition cause : null
2024-10-18 12:26:53,007 [WARN] ConditionMgr:1039 - genDependencies : Invalid condition id : UX DEVICE CLASS RTOS Condition cause : null
2024-10-18 12:26:53,010 [WARN] PackLoader:240 - Cannot read IP mode file for STMicroelectronics.X-CUBE-GNSS1.7.0.0
2024-10-18 12:26:53,014 [WARN] PackLoader:240 - Cannot read IP mode file for STMicroelectronics.FP-SNS-STBOX1.2.0.0
2024-10-18 12:26:53,020 [WARN] PackLoader:240 - Cannot read IP mode file for STMicroelectronics.X-CUBE-SUBG2.5.0.0
2024-10-18 12:26:53,025 [WARN] PackLoader:240 - Cannot read IP mode file for Cesanta.I-CUBE-Mongoose.7.13.0
2024-10-18 12:26:53,032 [WARN] PackLoader:240 - Cannot read IP mode file for STMicroelectronics.X-CUBE-AZRTOS-G4.2.0.0
2024-10-18 12:26:53,040 [WARN] PackLoader:240 - Cannot read IP mode file for Infineon.AIROC-Wi-Fi-Bluetooth-STM32.1.5.1
2024-10-18 12:26:53,044 [WARN] PackLoader:240 - Cannot read IP mode file for STMicroelectronics.FP-SNS-MOTENVWB1.1.3.1
2024-10-18 12:26:53,046 [WARN] PackLoader:240 - Cannot read IP mode file for STMicroelectronics.X-CUBE-ISPU.2.0.0
2024-10-18 12:26:53,048 [WARN] PackLoader:240 - Cannot read IP mode file for STMicroelectronics.X-CUBE-ALS.1.0.2
2024-10-18 12:26:53,070 [WARN] PackLoader:240 - Cannot read IP mode file for STMicroelectronics.X-CUBE-MEMS1.10.0.0
2024-10-18 12:26:53,150 [WARN] PackLoader:240 - Cannot read IP mode file for STMicroelectronics.X-CUBE-FREERTOS.1.1.0
2024-10-18 12:26:53,152 [WARN] PackLoader:240 - Cannot read IP mode file for STMicroelectronics.X-CUBE-TOUCHGFX.4.24.0
2024-10-18 12:26:53,153 [WARN] PackLoader:240 - Cannot read IP mode file for STMicroelectronics.X-CUBE-TOUCHGFX.4.24.1
2024-10-18 12:26:53,155 [WARN] PackLoader:240 - Cannot read IP mode file for wolfSSL.I-CUBE-wolfTPM.3.4.0
2024-10-18 12:26:53,158 [WARN] PackLoader:240 - Cannot read IP mode file for portGmbH.I-Cube-SoM-uGOAL.1.1.0
2024-10-18 12:26:53,159 [WARN] PackLoader:240 - Cannot read IP mode file for STMicroelectronics.X-CUBE-ALS.1.0.1
2024-10-18 12:26:53,168 [WARN] PackLoader:240 - Cannot read IP mode file for STMicroelectronics.X-CUBE-AZRTOS-H7RS.1.0.0
2024-10-18 12:26:53,171 [WARN] PackLoader:240 - Cannot read IP mode file for STMicroelectronics.FP-ATR-ASTRA1.2.0.0
2024-10-18 12:26:53,176 [WARN] PackLoader:240 - Cannot read IP mode file for STMicroelectronics.X-CUBE-TOF1.3.4.2
2024-10-18 12:26:53,187 [WARN] PackLoader:240 - Cannot read IP mode file for STMicroelectronics.X-CUBE-TOF1.3.4.0
2024-10-18 12:26:53,203 [WARN] PackLoader:240 - Cannot read IP mode file for Infineon.AIROC-Wi-Fi-Bluetooth-STM32.1.6.1
2024-10-18 12:26:53,211 [WARN] PackLoader:240 - Cannot read IP mode file for STMicroelectronics.X-CUBE-TOF1.3.4.1
2024-10-18 12:26:53,225 [WARN] PackLoader:240 - Cannot read IP mode file for STMicroelectronics.X-CUBE-AZRTOS-H7.3.2.0
2024-10-18 12:26:53,233 [WARN] PackLoader:240 - Cannot read IP mode file for wolfSSL.I-CUBE-wolfSSH.1.4.17
2024-10-18 12:26:53,233 [INFO] ThirdParty:978 - Integrity check success = true
2024-10-18 12:26:53,234 [INFO] IntegrityCheckThread:100 - exiting critical section [integrity check]
2024-10-18 12:26:53,234 [INFO] IntegrityCheckThread:103 - End integrity checks thread
2024-10-18 12:27:44,440 [ERROR] LogOutputStream:75 - [STDERR_REDIRECT] 
